
Log Entry : 2015年11月17日 16:12:56
 未到秒杀时间！项目号:hprojid:1764hactivityId:2057phone:15210369918
------------------------------------
Log Entry : 2015年11月17日 16:12:59
 未到秒杀时间！项目号:hprojid:1764hactivityId:2057phone:15210369918
------------------------------------
Log Entry : 2015年11月17日 16:13:01
 未到秒杀时间！项目号:hprojid:1764hactivityId:2057phone:15210369918
------------------------------------
Log Entry : 2015年11月17日 16:15:59
 未到秒杀时间！项目号:hprojid:1764hactivityId:2057phone:15210369918
------------------------------------
Log Entry : 2015年11月17日 16:18:53
 未到秒杀时间！项目号:hprojid:1764hactivityId:2057phone:15210369918
------------------------------------
Log Entry : 2015年11月17日 16:26:12
 未到秒杀时间！项目号:hprojid:1764hactivityId:2056phone:15210369918
------------------------------------
Log Entry : 2015年11月17日 16:34:10
 未到秒杀时间！项目号:hprojid:1764hactivityId:2056phone:15210369918
------------------------------------
Log Entry : 2015年11月17日 16:36:11
 未到秒杀时间！项目号:hprojid:1764hactivityId:2056phone:15210369918
------------------------------------
Log Entry : 2015年11月17日 16:38:50
登录成功！hprojid:1764hactivityId:2056userTel:15210369918
------------------------------------
Log Entry : 2015年11月17日 16:39:03
登录成功！hprojid:1764hactivityId:2056userTel:15210369918
------------------------------------
Log Entry : 2015年11月17日 16:39:10
 未到秒杀时间！项目号:hprojid:1764hactivityId:2056phone:15210369918
------------------------------------
Log Entry : 2015年11月17日 17:01:47
报名成功！hprojid:1764hactivityId:2056userTel:15210369915
------------------------------------
Log Entry : 2015年11月17日 17:31:09
方法:System.Object get_Item(Int32),异常信息:索引超出范围。必须为非负值并小于集合大小。
参数名: index
------------------------------------
Log Entry : 2015年11月17日 17:31:17
方法:System.Object get_Item(Int32),异常信息:索引超出范围。必须为非负值并小于集合大小。
参数名: index
------------------------------------
